app/manifest-merger-release-report.txt
-- Merging decision tree log ---
manifest
ADDED from AndroidManifest.xml:2:1
	xmlns:android
		ADDED from AndroidManifest.xml:2:11
	package
		ADDED from AndroidManifest.xml:3:5
		INJECTED from AndroidManifest.xml:0:0
		INJECTED from AndroidManifest.xml:0:0
	android:versionName
		INJECTED from AndroidManifest.xml:0:0
		INJECTED from AndroidManifest.xml:0:0
	android:versionCode
		INJECTED from AndroidManifest.xml:0:0
		INJECTED from AndroidManifest.xml:0:0
uses-permission#android.permission.INTERNET
ADDED from AndroidManifest.xml:6:5
	android:name
		ADDED from AndroidManifest.xml:6:22
uses-permission#android.permission.ACCESS_NETWORK_STATE
ADDED from AndroidManifest.xml:7:5
	android:name
		ADDED from AndroidManifest.xml:7:22
uses-permission#android.permission.GET_ACCOUNTS
ADDED from AndroidManifest.xml:9:5
	android:name
		ADDED from AndroidManifest.xml:9:22
uses-permission#android.permission.WAKE_LOCK
ADDED from AndroidManifest.xml:10:5
	android:name
		ADDED from AndroidManifest.xml:10:22
uses-permission#android.permission.DISABLE_KEYGUARD
ADDED from AndroidManifest.xml:11:5
	android:name
		ADDED from AndroidManifest.xml:11:22
permission#in.kurukshetra2015.org.app.permission.C2D_MESSAGE
ADDED from AndroidManifest.xml:13:5
	android:protectionLevel
		ADDED from AndroidManifest.xml:14:9
	android:name
		ADDED from AndroidManifest.xml:13:17
uses-permission#in.kurukshetra2015.org.app.permission.C2D_MESSAGE
ADDED from AndroidManifest.xml:15:5
	android:name
		ADDED from AndroidManifest.xml:15:22
uses-permission#com.google.android.c2dm.permission.RECEIVE
ADDED from AndroidManifest.xml:18:5
	android:name
		ADDED from AndroidManifest.xml:18:22
application
ADDED from AndroidManifest.xml:19:5
MERGED from com.android.support:appcompat-v7:21.0.3:16:5
MERGED from com.android.support:support-v4:21.0.3:16:5
MERGED from com.android.support:support-v4:21.0.3:16:5
MERGED from com.getbase:floatingactionbutton:1.3.0:12:5
MERGED from com.android.support:cardview-v7:21.0.3:16:5
MERGED from com.android.support:recyclerview-v7:21.0.3:17:5
MERGED from com.android.support:support-v4:21.0.3:16:5
MERGED from com.github.dexafree:materiallist:1.2.0:11:5
MERGED from com.android.support:appcompat-v7:21.0.3:16:5
MERGED from com.android.support:support-v4:21.0.3:16:5
MERGED from com.android.support:cardview-v7:21.0.3:16:5
MERGED from de.hdodenhof:circleimageview:1.2.1:9:5
MERGED from com.pnikosis:materialish-progress:1.2:11:5
MERGED from com.android.support:appcompat-v7:21.0.3:16:5
MERGED from com.android.support:support-v4:21.0.3:16:5
MERGED from com.github.gabrielemariotti.cards:cardslib-core:2.0.1:28:5
MERGED from com.android.support:cardview-v7:21.0.3:16:5
MERGED from com.android.support:support-v4:21.0.3:16:5
MERGED from com.jpardogo.materialtabstrip:library:1.0.6:9:5
MERGED from com.android.support:support-v4:21.0.3:16:5
MERGED from com.github.sd6352051.niftydialogeffects:niftydialogeffects:1.0.0:11:5
	android:label
		ADDED from AndroidManifest.xml:23:9
	android:allowBackup
		ADDED from AndroidManifest.xml:21:9
	android:icon
		ADDED from AndroidManifest.xml:22:9
	android:theme
		ADDED from AndroidManifest.xml:24:9
	android:name
		ADDED from AndroidManifest.xml:25:9
activity#in.kurukshetra2015.org.app.SplashScreen
ADDED from AndroidManifest.xml:27:9
	android:screenOrientation
		ADDED from AndroidManifest.xml:29:13
	android:label
		ADDED from AndroidManifest.xml:30:13
	android:name
		ADDED from AndroidManifest.xml:28:13
intent-filter#android.intent.action.MAIN+android.intent.category.LAUNCHER
ADDED from AndroidManifest.xml:31:9
action#android.intent.action.MAIN
ADDED from AndroidManifest.xml:32:13
	android:name
		ADDED from AndroidManifest.xml:32:21
category#android.intent.category.LAUNCHER
ADDED from AndroidManifest.xml:34:13
	android:name
		ADDED from AndroidManifest.xml:34:23
activity#in.kurukshetra2015.org.app.MainActivity
ADDED from AndroidManifest.xml:37:9
	android:screenOrientation
		ADDED from AndroidManifest.xml:39:13
	android:label
		ADDED from AndroidManifest.xml:40:13
	android:name
		ADDED from AndroidManifest.xml:38:13
intent-filter#android.intent.category.DEFAULT+in.kurukshetra2015.org.app.MESSAGE
ADDED from AndroidManifest.xml:42:13
action#in.kurukshetra2015.org.app.MESSAGE
ADDED from AndroidManifest.xml:43:17
	android:name
		ADDED from AndroidManifest.xml:43:25
category#android.intent.category.DEFAULT
ADDED from AndroidManifest.xml:44:17
	android:name
		ADDED from AndroidManifest.xml:44:27
activity#in.kurukshetra2015.org.app.Workshop
ADDED from AndroidManifest.xml:47:9
	android:screenOrientation
		ADDED from AndroidManifest.xml:49:13
	android:label
		ADDED from AndroidManifest.xml:50:13
	android:theme
		ADDED from AndroidManifest.xml:51:13
	android:name
		ADDED from AndroidManifest.xml:48:13
meta-data#android.support.PARENT_ACTIVITY
ADDED from AndroidManifest.xml:52:13
	android:name
		ADDED from AndroidManifest.xml:53:17
	android:value
		ADDED from AndroidManifest.xml:54:17
activity#in.kurukshetra2015.org.app.karnival
ADDED from AndroidManifest.xml:57:9
	android:screenOrientation
		ADDED from AndroidManifest.xml:59:13
	android:label
		ADDED from AndroidManifest.xml:60:13
	android:theme
		ADDED from AndroidManifest.xml:61:13
	android:name
		ADDED from AndroidManifest.xml:58:13
activity#in.kurukshetra2015.org.app.WorkshopContent
ADDED from AndroidManifest.xml:68:9
	android:screenOrientation
		ADDED from AndroidManifest.xml:71:13
	android:label
		ADDED from AndroidManifest.xml:70:13
	android:theme
		ADDED from AndroidManifest.xml:72:13
	android:name
		ADDED from AndroidManifest.xml:69:13
activity#in.kurukshetra2015.org.app.gl
ADDED from AndroidManifest.xml:80:9
	android:screenOrientation
		ADDED from AndroidManifest.xml:82:13
	android:label
		ADDED from AndroidManifest.xml:83:13
	android:theme
		ADDED from AndroidManifest.xml:84:13
	android:name
		ADDED from AndroidManifest.xml:81:13
activity#in.kurukshetra2015.org.app.pro
ADDED from AndroidManifest.xml:90:9
	android:screenOrientation
		ADDED from AndroidManifest.xml:92:13
	android:label
		ADDED from AndroidManifest.xml:93:13
	android:theme
		ADDED from AndroidManifest.xml:94:13
	android:name
		ADDED from AndroidManifest.xml:91:13
activity#in.kurukshetra2015.org.app.tipoftheday
ADDED from AndroidManifest.xml:102:9
	android:screenOrientation
		ADDED from AndroidManifest.xml:104:13
	android:label
		ADDED from AndroidManifest.xml:105:13
	android:theme
		ADDED from AndroidManifest.xml:106:13
	android:name
		ADDED from AndroidManifest.xml:103:13
activity#in.kurukshetra2015.org.app.hospitality
ADDED from AndroidManifest.xml:112:9
	android:screenOrientation
		ADDED from AndroidManifest.xml:114:13
	android:label
		ADDED from AndroidManifest.xml:115:13
	android:theme
		ADDED from AndroidManifest.xml:116:13
	android:name
		ADDED from AndroidManifest.xml:113:13
activity#in.kurukshetra2015.org.app.subnumber
ADDED from AndroidManifest.xml:123:9
	android:screenOrientation
		ADDED from AndroidManifest.xml:125:13
	android:label
		ADDED from AndroidManifest.xml:126:13
	android:theme
		ADDED from AndroidManifest.xml:127:13
	android:name
		ADDED from AndroidManifest.xml:124:13
activity#in.kurukshetra2015.org.app.emailsub
ADDED from AndroidManifest.xml:133:9
	android:screenOrientation
		ADDED from AndroidManifest.xml:135:13
	android:label
		ADDED from AndroidManifest.xml:136:13
	android:theme
		ADDED from AndroidManifest.xml:137:13
	android:name
		ADDED from AndroidManifest.xml:134:13
activity#in.kurukshetra2015.org.app.event_begin_trial
ADDED from AndroidManifest.xml:145:3
	android:screenOrientation
		ADDED from AndroidManifest.xml:147:13
	android:label
		ADDED from AndroidManifest.xml:148:13
	android:name
		ADDED from AndroidManifest.xml:146:13
activity#in.kurukshetra2015.org.app.events_coding_javaclass
ADDED from AndroidManifest.xml:153:9
	android:screenOrientation
		ADDED from AndroidManifest.xml:155:13
	android:label
		ADDED from AndroidManifest.xml:156:13
	android:name
		ADDED from AndroidManifest.xml:154:13
activity#in.kurukshetra2015.org.app.events_coding_content
ADDED from AndroidManifest.xml:161:9
	android:screenOrientation
		ADDED from AndroidManifest.xml:163:13
	android:label
		ADDED from AndroidManifest.xml:164:13
	android:name
		ADDED from AndroidManifest.xml:162:13
activity#in.kurukshetra2015.org.app.events_engineering_content
ADDED from AndroidManifest.xml:169:9
	android:screenOrientation
		ADDED from AndroidManifest.xml:171:13
	android:label
		ADDED from AndroidManifest.xml:172:13
	android:name
		ADDED from AndroidManifest.xml:170:13
activity#in.kurukshetra2015.org.app.events_online_content
ADDED from AndroidManifest.xml:177:9
	android:screenOrientation
		ADDED from AndroidManifest.xml:179:13
	android:label
		ADDED from AndroidManifest.xml:180:13
	android:name
		ADDED from AndroidManifest.xml:178:13
activity#in.kurukshetra2015.org.app.events_management_content
ADDED from AndroidManifest.xml:185:9
	android:screenOrientation
		ADDED from AndroidManifest.xml:187:13
	android:label
		ADDED from AndroidManifest.xml:188:13
	android:name
		ADDED from AndroidManifest.xml:186:13
activity#in.kurukshetra2015.org.app.events_robotics_content
ADDED from AndroidManifest.xml:193:9
	android:screenOrientation
		ADDED from AndroidManifest.xml:195:13
	android:label
		ADDED from AndroidManifest.xml:196:13
	android:name
		ADDED from AndroidManifest.xml:194:13
activity#in.kurukshetra2015.org.app.events_general_content
ADDED from AndroidManifest.xml:201:9
	android:screenOrientation
		ADDED from AndroidManifest.xml:203:13
	android:label
		ADDED from AndroidManifest.xml:204:13
	android:name
		ADDED from AndroidManifest.xml:202:13
activity#in.kurukshetra2015.org.app.events_quizzes_content
ADDED from AndroidManifest.xml:209:9
	android:screenOrientation
		ADDED from AndroidManifest.xml:211:13
	android:label
		ADDED from AndroidManifest.xml:212:13
	android:name
		ADDED from AndroidManifest.xml:210:13
activity#in.kurukshetra2015.org.app.events_engineering_javaclass
ADDED from AndroidManifest.xml:217:9
	android:screenOrientation
		ADDED from AndroidManifest.xml:219:13
	android:label
		ADDED from AndroidManifest.xml:220:13
	android:name
		ADDED from AndroidManifest.xml:218:13
activity#in.kurukshetra2015.org.app.events_online_javaclass
ADDED from AndroidManifest.xml:225:9
	android:screenOrientation
		ADDED from AndroidManifest.xml:227:13
	android:label
		ADDED from AndroidManifest.xml:228:13
	android:name
		ADDED from AndroidManifest.xml:226:13
activity#in.kurukshetra2015.org.app.events_management_javaclass
ADDED from AndroidManifest.xml:233:9
	android:screenOrientation
		ADDED from AndroidManifest.xml:235:13
	android:label
		ADDED from AndroidManifest.xml:236:13
	android:name
		ADDED from AndroidManifest.xml:234:13
activity#in.kurukshetra2015.org.app.events_robotics_javaclass
ADDED from AndroidManifest.xml:241:9
	android:screenOrientation
		ADDED from AndroidManifest.xml:243:13
	android:label
		ADDED from AndroidManifest.xml:244:13
	android:name
		ADDED from AndroidManifest.xml:242:13
activity#in.kurukshetra2015.org.app.events_general_javaclass
ADDED from AndroidManifest.xml:249:9
	android:screenOrientation
		ADDED from AndroidManifest.xml:251:13
	android:label
		ADDED from AndroidManifest.xml:252:13
	android:name
		ADDED from AndroidManifest.xml:250:13
activity#in.kurukshetra2015.org.app.events_quizzes_javaclass
ADDED from AndroidManifest.xml:257:9
	android:screenOrientation
		ADDED from AndroidManifest.xml:259:13
	android:label
		ADDED from AndroidManifest.xml:260:13
	android:name
		ADDED from AndroidManifest.xml:258:13
activity#in.kurukshetra2015.org.app.xceed_begin
ADDED from AndroidManifest.xml:265:9
	android:screenOrientation
		ADDED from AndroidManifest.xml:267:13
	android:label
		ADDED from AndroidManifest.xml:268:13
	android:name
		ADDED from AndroidManifest.xml:266:13
activity#in.kurukshetra2015.org.app.xceed_kovai_javaclass
ADDED from AndroidManifest.xml:273:9
	android:screenOrientation
		ADDED from AndroidManifest.xml:275:13
	android:label
		ADDED from AndroidManifest.xml:276:13
	android:name
		ADDED from AndroidManifest.xml:274:13
activity#in.kurukshetra2015.org.app.xceed_xcode_content
ADDED from AndroidManifest.xml:281:9
	android:screenOrientation
		ADDED from AndroidManifest.xml:283:13
	android:label
		ADDED from AndroidManifest.xml:284:13
	android:name
		ADDED from AndroidManifest.xml:282:13
activity#in.kurukshetra2015.org.app.xceed_kozhikode_bizquiz_content
ADDED from AndroidManifest.xml:289:9
	android:screenOrientation
		ADDED from AndroidManifest.xml:291:13
	android:label
		ADDED from AndroidManifest.xml:292:13
	android:name
		ADDED from AndroidManifest.xml:290:13
activity#in.kurukshetra2015.org.app.xceed_bizquiz_content
ADDED from AndroidManifest.xml:297:9
	android:screenOrientation
		ADDED from AndroidManifest.xml:299:13
	android:label
		ADDED from AndroidManifest.xml:300:13
	android:name
		ADDED from AndroidManifest.xml:298:13
activity#in.kurukshetra2015.org.app.xceed_kovai_content
ADDED from AndroidManifest.xml:305:9
	android:screenOrientation
		ADDED from AndroidManifest.xml:307:13
	android:label
		ADDED from AndroidManifest.xml:308:13
	android:name
		ADDED from AndroidManifest.xml:306:13
activity#in.kurukshetra2015.org.app.Updates
ADDED from AndroidManifest.xml:313:9
	android:screenOrientation
		ADDED from AndroidManifest.xml:315:13
	android:label
		ADDED from AndroidManifest.xml:316:13
	android:theme
		ADDED from AndroidManifest.xml:317:13
	android:name
		ADDED from AndroidManifest.xml:314:13
activity#in.kurukshetra2015.org.app.AboutDev
ADDED from AndroidManifest.xml:324:9
	android:screenOrientation
		ADDED from AndroidManifest.xml:325:13
	android:label
		ADDED from AndroidManifest.xml:327:13
	android:theme
		ADDED from AndroidManifest.xml:328:13
	android:name
		ADDED from AndroidManifest.xml:326:13
activity#in.kurukshetra2015.org.app.Sponsers
ADDED from AndroidManifest.xml:334:9
	android:screenOrientation
		ADDED from AndroidManifest.xml:335:13
	android:label
		ADDED from AndroidManifest.xml:337:13
	android:theme
		ADDED from AndroidManifest.xml:338:13
	android:name
		ADDED from AndroidManifest.xml:336:13
activity#in.kurukshetra2015.org.app.ContactActivity
ADDED from AndroidManifest.xml:344:9
	android:screenOrientation
		ADDED from AndroidManifest.xml:346:13
	android:label
		ADDED from AndroidManifest.xml:347:13
	android:theme
		ADDED from AndroidManifest.xml:348:13
	android:name
		ADDED from AndroidManifest.xml:345:13
activity#com.pushbots.push.PBMsg
ADDED from AndroidManifest.xml:355:9
	android:name
		ADDED from AndroidManifest.xml:355:19
activity#com.pushbots.push.PBListener
ADDED from AndroidManifest.xml:356:9
	android:name
		ADDED from AndroidManifest.xml:356:19
receiver#com.google.android.gcm.GCMBroadcastReceiver
ADDED from AndroidManifest.xml:357:9
	android:permission
		ADDED from AndroidManifest.xml:359:13
	android:name
		ADDED from AndroidManifest.xml:358:13
intent-filter#com.google.android.c2dm.intent.RECEIVE+com.google.android.c2dm.intent.REGISTRATION+in.kurukshetra2015.org.app
ADDED from AndroidManifest.xml:360:13
action#com.google.android.c2dm.intent.RECEIVE
ADDED from AndroidManifest.xml:362:17
	android:name
		ADDED from AndroidManifest.xml:362:25
action#com.google.android.c2dm.intent.REGISTRATION
ADDED from AndroidManifest.xml:364:17
	android:name
		ADDED from AndroidManifest.xml:364:25
category#in.kurukshetra2015.org.app
ADDED from AndroidManifest.xml:365:17
	android:name
		ADDED from AndroidManifest.xml:365:27
receiver#com.pushbots.push.MsgReceiver
ADDED from AndroidManifest.xml:368:9
	android:name
		ADDED from AndroidManifest.xml:368:19
service#com.pushbots.push.GCMIntentService
ADDED from AndroidManifest.xml:369:9
	android:name
		ADDED from AndroidManifest.xml:369:18
receiver#in.kurukshetra2015.org.app.opennotify
ADDED from AndroidManifest.xml:370:9
	android:name
		ADDED from AndroidManifest.xml:370:19
uses-sdk
INJECTED from AndroidManifest.xml:0:0 reason: use-sdk injection requested
MERGED from com.android.support:appcompat-v7:21.0.3:15:5
MERGED from com.android.support:support-v4:21.0.3:15:5
MERGED from com.android.support:support-v4:21.0.3:15:5
MERGED from com.getbase:floatingactionbutton:1.3.0:8:5
MERGED from com.android.support:cardview-v7:21.0.3:15:5
MERGED from com.android.support:recyclerview-v7:21.0.3:15:5
MERGED from com.android.support:support-v4:21.0.3:15:5
MERGED from com.github.dexafree:materiallist:1.2.0:7:5
MERGED from com.android.support:appcompat-v7:21.0.3:15:5
MERGED from com.android.support:support-v4:21.0.3:15:5
MERGED from com.android.support:cardview-v7:21.0.3:15:5
MERGED from de.hdodenhof:circleimageview:1.2.1:5:5
MERGED from com.pnikosis:materialish-progress:1.2:7:5
MERGED from com.android.support:appcompat-v7:21.0.3:15:5
MERGED from com.android.support:support-v4:21.0.3:15:5
MERGED from com.github.gabrielemariotti.cards:cardslib-core:2.0.1:24:5
MERGED from com.android.support:cardview-v7:21.0.3:15:5
MERGED from com.android.support:support-v4:21.0.3:15:5
MERGED from com.jpardogo.materialtabstrip:library:1.0.6:5:5
MERGED from com.android.support:support-v4:21.0.3:15:5
MERGED from com.github.sd6352051.niftydialogeffects:niftydialogeffects:1.0.0:7:5
	android:targetSdkVersion
		INJECTED from AndroidManifest.xml:0:0
		INJECTED from AndroidManifest.xml:0:0
	android:minSdkVersion
		INJECTED from AndroidManifest.xml:0:0
		INJECTED from AndroidManifest.xml:0:0
activity#android.support.v7.widget.TestActivity
ADDED from com.android.support:recyclerview-v7:21.0.3:18:9
	android:label
		ADDED from com.android.support:recyclerview-v7:21.0.3:18:19
	android:name
		ADDED from com.android.support:recyclerview-v7:21.0.3:18:60